app/build/intermediates/manifest_merge_blame_file/debug/manifest-merger-blame-debug-report.txt
1<?xml version="1.0" encoding="utf-8"?>
2<manifest xmlns:android="http://schemas.android.com/apk/res/android"
3    package="com.cs990.restaurantbookingapp"
4    android:versionCode="1"
5    android:versionName="1.0" >
6
7    <uses-sdk
8        android:minSdkVersion="21"
8-->src/main/AndroidManifest.xml
9        android:targetSdkVersion="30" />
9-->src/main/AndroidManifest.xml
10
11    <uses-permission android:name="android.permission.INTERNET" />
11-->[com.google.android.gms:play-services-measurement-api:18.0.2] AndroidManifest.xml:22:5-67
11-->[com.google.android.gms:play-services-measurement-api:18.0.2] AndroidManifest.xml:22:22-64
12    <uses-permission android:name="android.permission.ACCESS_NETWORK_STATE" />
12-->[com.google.android.gms:play-services-measurement-api:18.0.2] AndroidManifest.xml:23:5-79
12-->[com.google.android.gms:play-services-measurement-api:18.0.2] AndroidManifest.xml:23:22-76
13    <uses-permission android:name="android.permission.WAKE_LOCK" />
13-->[com.google.android.gms:play-services-measurement-api:18.0.2] AndroidManifest.xml:24:5-68
13-->[com.google.android.gms:play-services-measurement-api:18.0.2] AndroidManifest.xml:24:22-65
14    <uses-permission android:name="com.google.android.finsky.permission.BIND_GET_INSTALL_REFERRER_SERVICE" />
14-->[com.google.android.gms:play-services-measurement:18.0.2] AndroidManifest.xml:26:5-110
14-->[com.google.android.gms:play-services-measurement:18.0.2] AndroidManifest.xml:26:22-107
15
16    <application
16-->src/main/AndroidManifest.xml:5:5-19:19
17        android:allowBackup="true"
17-->src/main/AndroidManifest.xml:6:9-35
18        android:appComponentFactory="androidx.core.app.CoreComponentFactory"
18-->[androidx.core:core:1.3.2] AndroidManifest.xml:24:18-86
19        android:debuggable="true"
20        android:icon="@mipmap/ic_launcher"
20-->src/main/AndroidManifest.xml:7:9-43
21        android:label="@string/app_name"
21-->src/main/AndroidManifest.xml:8:9-41
22        android:roundIcon="@mipmap/ic_launcher_round"
22-->src/main/AndroidManifest.xml:9:9-54
23        android:supportsRtl="true"
23-->src/main/AndroidManifest.xml:10:9-35
24        android:testOnly="true"
25        android:theme="@style/Theme.RestaurantBooking" >
25-->src/main/AndroidManifest.xml:11:9-55
26        <activity android:name="com.cs990.restaurantbookingapp.MainActivity" >
26-->src/main/AndroidManifest.xml:12:9-18:20
26-->src/main/AndroidManifest.xml:12:19-47
27            <intent-filter>
27-->src/main/AndroidManifest.xml:13:13-17:29
28                <action android:name="android.intent.action.MAIN" />
28-->src/main/AndroidManifest.xml:14:17-69
28-->src/main/AndroidManifest.xml:14:25-66
29
30                <category android:name="android.intent.category.LAUNCHER" />
30-->src/main/AndroidManifest.xml:16:17-77
30-->src/main/AndroidManifest.xml:16:27-74
31            </intent-filter>
32        </activity>
33
34        <service
34-->[com.google.android.gms:play-services-measurement-api:18.0.2] AndroidManifest.xml:27:9-33:19
35            android:name="com.google.firebase.components.ComponentDiscoveryService"
35-->[com.google.android.gms:play-services-measurement-api:18.0.2] AndroidManifest.xml:28:13-84
36            android:directBootAware="true"
36-->[com.google.firebase:firebase-common:19.5.0] AndroidManifest.xml:35:13-43
37            android:exported="false" >
37-->[com.google.android.gms:play-services-measurement-api:18.0.2] AndroidManifest.xml:29:13-37
38            <meta-data
38-->[com.google.android.gms:play-services-measurement-api:18.0.2] AndroidManifest.xml:30:13-32:85
39                android:name="com.google.firebase.components:com.google.firebase.analytics.connector.internal.AnalyticsConnectorRegistrar"
39-->[com.google.android.gms:play-services-measurement-api:18.0.2] AndroidManifest.xml:31:17-139
40                android:value="com.google.firebase.components.ComponentRegistrar" />
40-->[com.google.android.gms:play-services-measurement-api:18.0.2] AndroidManifest.xml:32:17-82
41            <meta-data
41-->[com.google.firebase:firebase-installations:16.3.5] AndroidManifest.xml:18:13-20:85
42                android:name="com.google.firebase.components:com.google.firebase.installations.FirebaseInstallationsRegistrar"
42-->[com.google.firebase:firebase-installations:16.3.5] AndroidManifest.xml:19:17-127
43                android:value="com.google.firebase.components.ComponentRegistrar" />
43-->[com.google.firebase:firebase-installations:16.3.5] AndroidManifest.xml:20:17-82
44            <!--
45                This registrar is not defined in the dynamic-module-support sdk itself to allow non-firebase
46                clients to use it as well, by defining this registrar in their own core/common library.
47            -->
48            <meta-data
48-->[com.google.firebase:firebase-common:19.5.0] AndroidManifest.xml:43:13-45:85
49                android:name="com.google.firebase.components:com.google.firebase.dynamicloading.DynamicLoadingRegistrar"
49-->[com.google.firebase:firebase-common:19.5.0] AndroidManifest.xml:44:17-121
50                android:value="com.google.firebase.components.ComponentRegistrar" />
50-->[com.google.firebase:firebase-common:19.5.0] AndroidManifest.xml:45:17-82
51        </service>
52
53        <provider
53-->[com.google.firebase:firebase-common:19.5.0] AndroidManifest.xml:26:9-31:39
54            android:name="com.google.firebase.provider.FirebaseInitProvider"
54-->[com.google.firebase:firebase-common:19.5.0] AndroidManifest.xml:27:13-77
55            android:authorities="com.cs990.restaurantbookingapp.firebaseinitprovider"
55-->[com.google.firebase:firebase-common:19.5.0] AndroidManifest.xml:28:13-72
56            android:directBootAware="true"
56-->[com.google.firebase:firebase-common:19.5.0] AndroidManifest.xml:29:13-43
57            android:exported="false"
57-->[com.google.firebase:firebase-common:19.5.0] AndroidManifest.xml:30:13-37
58            android:initOrder="100" />
58-->[com.google.firebase:firebase-common:19.5.0] AndroidManifest.xml:31:13-36
59
60        <receiver
60-->[com.google.android.gms:play-services-measurement:18.0.2] AndroidManifest.xml:29:9-33:20
61            android:name="com.google.android.gms.measurement.AppMeasurementReceiver"
61-->[com.google.android.gms:play-services-measurement:18.0.2] AndroidManifest.xml:30:13-85
62            android:enabled="true"
62-->[com.google.android.gms:play-services-measurement:18.0.2] AndroidManifest.xml:31:13-35
63            android:exported="false" >
63-->[com.google.android.gms:play-services-measurement:18.0.2] AndroidManifest.xml:32:13-37
64        </receiver>
65
66        <service
66-->[com.google.android.gms:play-services-measurement:18.0.2] AndroidManifest.xml:35:9-38:40
67            android:name="com.google.android.gms.measurement.AppMeasurementService"
67-->[com.google.android.gms:play-services-measurement:18.0.2] AndroidManifest.xml:36:13-84
68            android:enabled="true"
68-->[com.google.android.gms:play-services-measurement:18.0.2] AndroidManifest.xml:37:13-35
69            android:exported="false" />
69-->[com.google.android.gms:play-services-measurement:18.0.2] AndroidManifest.xml:38:13-37
70        <service
70-->[com.google.android.gms:play-services-measurement:18.0.2] AndroidManifest.xml:39:9-43:72
71            android:name="com.google.android.gms.measurement.AppMeasurementJobService"
71-->[com.google.android.gms:play-services-measurement:18.0.2] AndroidManifest.xml:40:13-87
72            android:enabled="true"
72-->[com.google.android.gms:play-services-measurement:18.0.2] AndroidManifest.xml:41:13-35
73            android:exported="false"
73-->[com.google.android.gms:play-services-measurement:18.0.2] AndroidManifest.xml:42:13-37
74            android:permission="android.permission.BIND_JOB_SERVICE" />
74-->[com.google.android.gms:play-services-measurement:18.0.2] AndroidManifest.xml:43:13-69
75
76        <meta-data
76-->[com.google.android.gms:play-services-basement:17.0.0] AndroidManifest.xml:23:9-25:69
77            android:name="com.google.android.gms.version"
77-->[com.google.android.gms:play-services-basement:17.0.0] AndroidManifest.xml:24:13-58
78            android:value="@integer/google_play_services_version" />
78-->[com.google.android.gms:play-services-basement:17.0.0] AndroidManifest.xml:25:13-66
79    </application>
80
81</manifest>